<?xml version="1.0" encoding="UTF-8" ?>
<testsuite errors="0" failures="0" hostname="VictorsLaptop" name="workernode.WorkerNodeTest" skipped="0" tests="5" time="0.094" timestamp="2024-05-07T18:23:36">
  <properties>
    <property name="javac.test.classpath" value="../JobSender/dist/JobSender.jar:build/classes:C:\Users\usula\Desktop\JUNIT JAR\hamcrest-core-1.3.jar:C:\Users\usula\Desktop\JUNIT JAR\junit-4.12.jar" />
    <property name="java.specification.version" value="22" />
    <property name="sun.cpu.isalist" value="amd64" />
    <property name="jar.index.metainf" value="false" />
    <property name="do.depend" value="false" />
    <property name="javadoc.preview" value="true" />
    <property name="test.binaryincludes" value="&lt;nothing&gt;" />
    <property name="sun.arch.data.model" value="64" />
    <property name="debug-transport" value="dt_shmem" />
    <property name="do.jlink" value="false" />
    <property name="java.vendor.url" value="https://java.oracle.com/" />
    <property name="annotation.processing.enabled" value="true" />
    <property name="debug.modulepath" value="" />
    <property name="sun.boot.library.path" value="C:\Program Files\Java\jdk-22\bin" />
    <property name="sun.java.command" value="org.apache.tools.ant.taskdefs.optional.junit.JUnitTestRunner workernode.WorkerNodeTest skipNonTests=false filtertrace=true haltOnError=false haltOnFailure=false showoutput=true outputtoformatters=true logfailedtests=true threadid=0 logtestlistenerevents=true formatter=org.apache.tools.ant.taskdefs.optional.junit.BriefJUnitResultFormatter formatter=org.apache.tools.ant.taskdefs.optional.junit.XMLJUnitResultFormatter,C:\Users\usula\Documents\NetBeansProjects\WorkerNode\build\test\results\TEST-workernode.WorkerNodeTest.xml crashfile=C:\Users\usula\Documents\NetBeansProjects\WorkerNode\build\junitvmwatcher18177484616531812767.properties propsfile=C:\Users\usula\Documents\NetBeansProjects\WorkerNode\build\junit8108831547734722631.properties" />
    <property name="jdk.debug" value="release" />
    <property name="java.specification.vendor" value="Oracle Corporation" />
    <property name="javac.source" value="22" />
    <property name="javadoc.use" value="true" />
    <property name="javadoc.notree" value="false" />
    <property name="java.version.date" value="2024-03-19" />
    <property name="java.home" value="C:\Program Files\Java\jdk-22" />
    <property name="basedir" value="C:\Users\usula\Documents\NetBeansProjects\WorkerNode" />
    <property name="application.vendor" value="dashi" />
    <property name="work.dir" value="C:\Users\usula\Documents\NetBeansProjects\WorkerNode" />
    <property name="java.specification.name" value="Java Platform API Specification" />
    <property name="java.vm.specification.vendor" value="Oracle Corporation" />
    <property name="javac.test.compilerargs" value="" />
    <property name="jna.boot.library.name" value="jnidispatch-nb" />
    <property name="netbeans.extbrowser.manual_chrome_plugin_install" value="yes" />
    <property name="manifest.encoding" value="UTF-8" />
    <property name="user.script" value="" />
    <property name="netbeans.default_userdir_root" value="C:\Users\usula\AppData\Roaming\NetBeans" />
    <property name="sun.management.compiler" value="HotSpot 64-Bit Tiered Compilers" />
    <property name="ant.file.WorkerNode" value="C:\Users\usula\Documents\NetBeansProjects\WorkerNode\build.xml" />
    <property name="jdk.home" value="C:\Program Files\Java\jdk-22" />
    <property name="run.test.modulepath" value="" />
    <property name="java.runtime.version" value="22+36-2370" />
    <property name="debug.test.modulepath" value="" />
    <property name="sun.java2d.noddraw" value="true" />
    <property name="file.encoding" value="UTF-8" />
    <property name="java.util.logging.config.class" value="org.netbeans.core.startup.TopLogging" />
    <property name="dist.archive.excludes" value="" />
    <property name="java.io.tmpdir" value="C:\Users\usula\AppData\Local\Temp\" />
    <property name="do.archive" value="true" />
    <property name="java.version" value="22" />
    <property name="java.vm.specification.name" value="Java Virtual Machine Specification" />
    <property name="built-jar.properties" value="C:\Users\usula\Documents\NetBeansProjects\WorkerNode\build\built-jar.properties" />
    <property name="nb.native.filechooser" value="false" />
    <property name="native.encoding" value="Cp1252" />
    <property name="java.library.path" value="C:\Program Files\Java\jdk-22\bin;C:\WINDOWS\Sun\Java\bin;C:\WINDOWS\system32;C:\WINDOWS;C:\Program Files\Common Files\Oracle\Java\javapath;C:\Program Files (x86)\VMware\VMware Player\bin\;C:\WINDOWS\system32;C:\WINDOWS;C:\WINDOWS\System32\Wbem;C:\WINDOWS\System32\WindowsPowerShell\v1.0\;C:\WINDOWS\System32\OpenSSH\;C:\Program Files\nodejs\;C:\Program Files\Microsoft SQL Server\Client SDK\ODBC\170\Tools\Binn\;C:\Program Files (x86)\Windows Kits\10\Windows Performance Toolkit\;C:\Program Files\dotnet\;C:\Program Files\Git\cmd;C:\Program Files (x86)\Microsoft SQL Server\160\DTS\Binn\;C:\Program Files (x86)\Microsoft SQL Server\160\Tools\Binn\;C:\Program Files\Microsoft SQL Server\160\Tools\Binn\;C:\Program Files\Microsoft SQL Server\160\DTS\Binn\;C:\Users\usula\AppData\Local\Programs\Python\Python311\Scripts\;C:\Users\usula\AppData\Local\Programs\Python\Python311\;C:\Users\usula\AppData\Local\Programs\Python\Launcher\;C:\Users\usula\AppData\Local\Microsoft\WindowsApps;C:\Users\usula\AppData\Local\Programs\Microsoft VS Code\bin;C:\Users\usula\AppData\Roaming\npm;C:\Users\usula\AppData\Local\GitHubDesktop\bin;C:\Users\usula\.dotnet\tools;." />
    <property name="platform.active" value="default_platform" />
    <property name="java.vendor" value="Oracle Corporation" />
    <property name="manifest.file" value="manifest.mf" />
    <property name="stderr.encoding" value="Cp1252" />
    <property name="meta.inf.dir" value="src/META-INF" />
    <property name="run.upgrademodulepath" value="" />
    <property name="sun.io.unicode.encoding" value="UnicodeLittle" />
    <property name="compile.on.save" value="true" />
    <property name="jlink.additionalparam" value="" />
    <property name="org.openide.version" value="deprecated" />
    <property name="default.javac.source" value="1.8" />
    <property name="netbeans.dynamic.classpath" value="C:\Program Files\NetBeans-21\netbeans\platform\core\asm-9.6.jar;C:\Program Files\NetBeans-21\netbeans\platform\core\asm-commons-9.6.jar;C:\Program Files\NetBeans-21\netbeans\platform\core\asm-tree-9.6.jar;C:\Program Files\NetBeans-21\netbeans\platform\core\core-base.jar;C:\Program Files\NetBeans-21\netbeans\platform\core\core.jar;C:\Program Files\NetBeans-21\netbeans\platform\core\org-netbeans-libs-asm.jar;C:\Program Files\NetBeans-21\netbeans\platform\core\org-openide-filesystems-compat8.jar;C:\Program Files\NetBeans-21\netbeans\platform\core\org-openide-filesystems.jar;C:\Program Files\NetBeans-21\netbeans\nb\core\org-netbeans-upgrader.jar;C:\Program Files\NetBeans-21\netbeans\nb\core\locale\core_nb.jar" />
    <property name="run.classpath" value="../JobSender/dist/JobSender.jar:build/classes" />
    <property name="flatlaf.nativeLibraryPath" value="system" />
    <property name="javac.systemmodulepath.cmd.line.arg" value="" />
    <property name="sun.awt.enableExtraMouseButtons" value="true" />
    <property name="test.src.dir" value="test" />
    <property name="org.openide.major.version" value="IDE/1" />
    <property name="file.reference.junit-4.12.jar" value="C:\Users\usula\Desktop\JUNIT JAR\junit-4.12.jar" />
    <property name="netbeans.buildnumber" value="21-b15c9b7692b2764be5a997d056e2283b72ae9131" />
    <property name="ap.proc.none.internal" value="" />
    <property name="org.openide.specification.version" value="6.2" />
    <property name="endorsed.classpath.cmd.line.arg" value="" />
    <property name="user.timezone" value="Europe/London" />
    <property name="jar.index" value="false" />
    <property name="java.vm.specification.version" value="22" />
    <property name="build.sysclasspath" value="ignore" />
    <property name="os.name" value="Windows 11" />
    <property name="javadoc.noindex" value="false" />
    <property name="javadoc.private" value="false" />
    <property name="jdkBug6558476" value="false" />
    <property name="javadoc.author" value="false" />
    <property name="main.class" value="workernode.Main" />
    <property name="user.home" value="C:\Users\usula" />
    <property name="source.encoding" value="UTF-8" />
    <property name="jar.compress" value="false" />
    <property name="have.sources" value="true" />
    <property name="annotation.processing.processors.list" value="" />
    <property name="flatlaf.updateUIOnSystemFontChange" value="false" />
    <property name="javac.deprecation" value="false" />
    <property name="jlink.launcher" value="true" />
    <property name="build.generated.sources.dir" value="build/generated-sources" />
    <property name="plugin.manager.check.updates" value="false" />
    <property name="run.jvmargs" value="" />
    <property name="netbeans.autoupdate.language" value="en" />
    <property name="build.compiler.emacs" value="true" />
    <property name="build.classes.excludes" value="**/*.java,**/*.form" />
    <property name="dist.jar" value="dist/WorkerNode.jar" />
    <property name="ant.file" value="C:\Users\usula\Documents\NetBeansProjects\WorkerNode\build.xml" />
    <property name="stdout.encoding" value="Cp1252" />
    <property name="modules.supported.internal" value="true" />
    <property name="path.separator" value=";" />
    <property name="jna.nosys" value="false" />
    <property name="os.version" value="10.0" />
    <property name="netbeans.home" value="C:\Program Files\NetBeans-21\netbeans\platform" />
    <property name="debug-transport-by-os" value="dt_shmem" />
    <property name="build.test.results.dir" value="build/test/results" />
    <property name="ap.processors.internal" value="" />
    <property name="java.vm.name" value="Java HotSpot(TM) 64-Bit Server VM" />
    <property name="unnamed.module.internal" value="true" />
    <property name="module.name" value="" />
    <property name="os.arch" value="amd64" />
    <property name="build.generated.dir" value="build/generated" />
    <property name="do.jar" value="true" />
    <property name="java.vm.info" value="mixed mode, sharing" />
    <property name="project.JobSender" value="../JobSender" />
    <property name="run.test.classpath" value="../JobSender/dist/JobSender.jar:build/classes:C:\Users\usula\Desktop\JUNIT JAR\hamcrest-core-1.3.jar:C:\Users\usula\Desktop\JUNIT JAR\junit-4.12.jar:build/test/classes" />
    <property name="dist.jlink.output" value="dist/jlink/WorkerNode" />
    <property name="java.class.version" value="66.0" />
    <property name="javadoc.encoding.used" value="UTF-8" />
    <property name="src.dir" value="src" />
    <property name="org.netbeans.io.suspend" value="0" />
    <property name="ant.project.default-target" value="default" />
    <property name="debug.classpath" value="../JobSender/dist/JobSender.jar:build/classes" />
    <property name="excludes" value="" />
    <property name="ant.project.name" value="WorkerNode" />
    <property name="dist.javadoc.dir" value="dist/javadoc" />
    <property name="run.test.jvmargs" value="" />
    <property name="sun.jnu.encoding" value="Cp1252" />
    <property name="default.javac.target" value="1.8" />
    <property name="javac.fork" value="true" />
    <property name="sun.java2d.dpiaware" value="true" />
    <property name="main.class.available" value="true" />
    <property name="netbeans.importclass" value="org.netbeans.upgrade.AutoUpgrade" />
    <property name="netbeans.autoupdate.version" value="1.23" />
    <property name="empty.dir" value="C:\Users\usula\Documents\NetBeansProjects\WorkerNode\build\empty" />
    <property name="testng.mode" value="testng" />
    <property name="annotation.processing.enabled.in.editor" value="false" />
    <property name="netbeans.user" value="C:\Users\usula\AppData\Roaming\NetBeans\21" />
    <property name="file.separator" value="\" />
    <property name="java.vm.compressedOopsMode" value="32-bit" />
    <property name="line.separator" value="&#xd;&#xa;" />
    <property name="javadoc.additionalparam" value="" />
    <property name="netbeans.productversion" value="Apache NetBeans IDE 21" />
    <property name="javac.debug" value="true" />
    <property name="mkdist.disabled" value="false" />
    <property name="user.name" value="usula" />
    <property name="build.classes.dir" value="build/classes" />
    <property name="javadoc.windowtitle" value="" />
    <property name="nb.junit.single" value="false" />
    <property name="nb.internal.action.name" value="test" />
    <property name="module.build.classes.dir" value="build/classes" />
    <property name="apple.awt.application.appearance" value="system" />
    <property name="annotation.processing.processor.options" value="" />
    <property name="dist.dir" value="dist" />
    <property name="build.dir" value="build" />
    <property name="jna.loaded" value="true" />
    <property name="netbeans.autoupdate.variant" value="" />
    <property name="javadoc.version" value="false" />
    <property name="ant.junit.enabletestlistenerevents" value="true" />
    <property name="ant.home" value="C:\Program Files\NetBeans-21\netbeans\extide\ant" />
    <property name="sun.os.patch.level" value="" />
    <property name="javac.external.vm" value="true" />
    <property name="have.tests" value="true" />
    <property name="debug.test.classpath" value="../JobSender/dist/JobSender.jar:build/classes:C:\Users\usula\Desktop\JUNIT JAR\hamcrest-core-1.3.jar:C:\Users\usula\Desktop\JUNIT JAR\junit-4.12.jar:build/test/classes" />
    <property name="testng.debug.mode" value="" />
    <property name="reference.JobSender.jar" value="../JobSender/dist/JobSender.jar" />
    <property name="javac.target" value="22" />
    <property name="ant.version" value="Apache Ant(TM) version 1.10.14 compiled on August 16 2023" />
    <property name="javadoc.html5" value="false" />
    <property name="javac.test.processorpath" value="../JobSender/dist/JobSender.jar:build/classes:C:\Users\usula\Desktop\JUNIT JAR\hamcrest-core-1.3.jar:C:\Users\usula\Desktop\JUNIT JAR\junit-4.12.jar" />
    <property name="java.failonerror" value="true" />
    <property name="netbeans.dirs" value="C:\Program Files\NetBeans-21\netbeans\nb;C:\Program Files\NetBeans-21\netbeans\ergonomics;C:\Program Files\NetBeans-21\netbeans\ide;C:\Program Files\NetBeans-21\netbeans\extide;C:\Program Files\NetBeans-21\netbeans\java;C:\Program Files\NetBeans-21\netbeans\apisupport;C:\Program Files\NetBeans-21\netbeans\webcommon;C:\Program Files\NetBeans-21\netbeans\websvccommon;C:\Program Files\NetBeans-21\netbeans\enterprise;C:\Program Files\NetBeans-21\netbeans\mobility;C:\Program Files\NetBeans-21\netbeans\profiler;C:\Program Files\NetBeans-21\netbeans\python;C:\Program Files\NetBeans-21\netbeans\php;C:\Program Files\NetBeans-21\netbeans\identity;C:\Program Files\NetBeans-21\netbeans\harness;C:\Program Files\NetBeans-21\netbeans\cnd;C:\Program Files\NetBeans-21\netbeans\cndext;C:\Program Files\NetBeans-21\netbeans\cpplite;C:\Program Files\NetBeans-21\netbeans\dlight;C:\Program Files\NetBeans-21\netbeans\groovy;C:\Program Files\NetBeans-21\netbeans\extra;C:\Program Files\NetBeans-21\netbeans\javacard;C:\Program Files\NetBeans-21\netbeans\javafx;C:\Program Files\NetBeans-21\netbeans\rust" />
    <property name="javac.modulepath" value="" />
    <property name="user.properties.file" value="C:\Users\dashi\AppData\Roaming\NetBeans\21\build.properties" />
    <property name="netbeans.autoupdate.country" value="GB" />
    <property name="nb.wait.for.caches" value="true" />
    <property name="javac.processorpath" value="../JobSender/dist/JobSender.jar" />
    <property name="java.class.path" value="C:\Users\usula\Documents\NetBeansProjects\JobSender\dist\JobSender.jar;C:\Users\usula\Documents\NetBeansProjects\WorkerNode\build\classes;C:\Users\usula\Desktop\JUNIT JAR\hamcrest-core-1.3.jar;C:\Users\usula\Desktop\JUNIT JAR\junit-4.12.jar;C:\Users\usula\Documents\NetBeansProjects\WorkerNode\build\test\classes;C:\Program Files\NetBeans-21\netbeans\extide\ant\lib\ant-launcher.jar;C:\Program Files\NetBeans-21\netbeans\extide\ant\lib\ant.jar;C:\Program Files\NetBeans-21\netbeans\extide\ant\lib\ant-junit.jar;C:\Program Files\NetBeans-21\netbeans\extide\ant\lib\ant-junit4.jar" />
    <property name="java.vm.vendor" value="Oracle Corporation" />
    <property name="ap.supported.internal" value="true" />
    <property name="ant.file.WorkerNode-impl" value="C:\Users\usula\Documents\NetBeansProjects\WorkerNode\nbproject\build-impl.xml" />
    <property name="user.variant" value="" />
    <property name="netbeans.home+have.tests" value="true" />
    <property name="javac.upgrademodulepath" value="" />
    <property name="run.modulepath" value="" />
    <property name="test.binaryexcludes" value="" />
    <property name="do.archive+manifest.available" value="true" />
    <property name="javac.compilerargs" value="" />
    <property name="apple.laf.useScreenMenuBar" value="true" />
    <property name="user.country" value="GB" />
    <property name="sun.java.launcher" value="SUN_STANDARD" />
    <property name="endorsed.classpath" value="" />
    <property name="javac.test.sourcepath" value="C:\Users\usula\Documents\NetBeansProjects\WorkerNode\build\empty" />
    <property name="sun.cpu.endian" value="little" />
    <property name="user.language" value="en" />
    <property name="copylibs.rebase" value="true" />
    <property name="maven.defaultProjectBuilder.disableGlobalModelCache" value="true" />
    <property name="includes" value="**" />
    <property name="javadoc.nonavbar" value="false" />
    <property name="file.reference.hamcrest-core-1.3.jar" value="C:\Users\usula\Desktop\JUNIT JAR\hamcrest-core-1.3.jar" />
    <property name="ant.java.version" value="22" />
    <property name="jlink.launcher.name" value="WorkerNode" />
    <property name="javadoc.splitindex" value="true" />
    <property name="junit.available" value="true" />
    <property name="test.binarytestincludes" value="" />
    <property name="sun.awt.keepWorkingSetOnMinimize" value="true" />
    <property name="javac.processormodulepath" value="" />
    <property name="runtime.encoding" value="UTF-8" />
    <property name="jlink.additionalmodules" value="" />
    <property name="javadoc.encoding" value="UTF-8" />
    <property name="javac.classpath" value="../JobSender/dist/JobSender.jar" />
    <property name="dist.jlink.dir" value="dist/jlink" />
    <property name="netbeans.hash.code" value="unique=NB_EXTIDE_JAVA_PHP_WEBCOMMON_WEBEE03ad77f40-dbcb-4cfe-9651-15b57f8ae0c3_ec2e0cbc-eeda-43fa-b8e8-0a1d1cef10dd" />
    <property name="jlink.strip" value="false" />
    <property name="nb.junit.batch" value="true" />
    <property name="build.test.classes.dir" value="build/test/classes" />
    <property name="ant.file.type.WorkerNode-impl" value="file" />
    <property name="java.runtime.name" value="Java(TM) SE Runtime Environment" />
    <property name="manifest.available" value="true" />
    <property name="ant.project.invoked-targets" value="test" />
    <property name="run.jvmargs.ide" value="" />
    <property name="ap.cmd.line.internal" value="" />
    <property name="ant.core.lib" value="C:\Program Files\NetBeans-21\netbeans\extide\ant\lib\ant.jar" />
    <property name="ant.file.type.WorkerNode" value="file" />
    <property name="java.vendor.url.bug" value="https://bugreport.java.com/bugreport/" />
    <property name="annotation.processing.source.output" value="build/generated-sources/ap-source-output" />
    <property name="javac.profile.cmd.line.arg" value="" />
    <property name="user.dir" value="C:\Users\usula\Documents\NetBeansProjects\WorkerNode" />
    <property name="platform.java" value="C:\Program Files\Java\jdk-22/bin/java" />
    <property name="application.title" value="WorkerNode" />
    <property name="do.archive+main.class.available" value="true" />
    <property name="application.args" value="" />
    <property name="ignore.failing.tests" value="true" />
    <property name="javac.test.modulepath" value="" />
    <property name="org.xml.sax.driver" value="com.sun.org.apache.xerces.internal.jaxp.SAXParserImpl$JAXPSAXParser" />
    <property name="java.vm.version" value="22+36-2370" />
    <property name="sun.awt.datatransfer.timeout" value="1000" />
    <property name="annotation.processing.run.all.processors" value="true" />
    <property name="junit.forkmode" value="perTest" />
  </properties>
  <testcase classname="workernode.WorkerNodeTest" name="registerWithLbSuccess" time="0.019" />
  <testcase classname="workernode.WorkerNodeTest" name="registerWithLbFailure" time="0.0" />
  <testcase classname="workernode.WorkerNodeTest" name="threadTest" time="0.001" />
  <testcase classname="workernode.WorkerNodeTest" name="SendToJobQueue" time="0.0" />
  <testcase classname="workernode.WorkerNodeTest" name="testConfig" time="0.001" />
  <system-out><![CDATA[]]></system-out>
  <system-err><![CDATA[]]></system-err>
</testsuite>
